<?xml version="1.0" encoding="UTF-8"?>
<testsuite name="com.mygdx.utils.QueueFIFOTest" tests="15" skipped="0" failures="0" errors="0" timestamp="2022-04-26T06:58:28" hostname="AJs-MacBook" time="0.007">
  <properties/>
  <testcase name="QueueFIFOPeekTest()" classname="com.mygdx.utils.QueueFIFOTest" time="0.0"/>
  <testcase name="QueueFIFOIsEmptyTest()" classname="com.mygdx.utils.QueueFIFOTest" time="0.0"/>
  <testcase name="QueueFIFOPollTest()" classname="com.mygdx.utils.QueueFIFOTest" time="0.0"/>
  <testcase name="QueueFIFOAddTest()" classname="com.mygdx.utils.QueueFIFOTest" time="0.001"/>
  <testcase name="QueueFIFOSizeTest()" classname="com.mygdx.utils.QueueFIFOTest" time="0.0"/>
  <testcase name="QueueFIFOAddAllTest()" classname="com.mygdx.utils.QueueFIFOTest" time="0.0"/>
  <testcase name="QueueFIFOElementTest()" classname="com.mygdx.utils.QueueFIFOTest" time="0.0"/>
  <testcase name="QueueFIFORemoveTest()" classname="com.mygdx.utils.QueueFIFOTest" time="0.0"/>
  <testcase name="QueueFIFOContainsTest()" classname="com.mygdx.utils.QueueFIFOTest" time="0.0"/>
  <testcase name="QueueFIFOPopTest()" classname="com.mygdx.utils.QueueFIFOTest" time="0.0"/>
  <testcase name="QueueFIFOClearTest()" classname="com.mygdx.utils.QueueFIFOTest" time="0.001"/>
  <testcase name="QueueFIFORetainAllTest()" classname="com.mygdx.utils.QueueFIFOTest" time="0.001"/>
  <testcase name="QueueFIFORemoveAllTest()" classname="com.mygdx.utils.QueueFIFOTest" time="0.0"/>
  <testcase name="QueueFIFOContainsAllTest()" classname="com.mygdx.utils.QueueFIFOTest" time="0.0"/>
  <testcase name="QueueFIFOIteratorTest()" classname="com.mygdx.utils.QueueFIFOTest" time="0.0"/>
  <system-out><![CDATA[]]></system-out>
  <system-err><![CDATA[]]></system-err>
</testsuite>
