<?xml version="1.0" encoding="UTF-8"?>
<testsuite name="com.mygdx.utils.UtilitiesTest" tests="11" skipped="0" failures="0" errors="0" timestamp="2022-04-26T06:58:28" hostname="AJs-MacBook" time="0.005">
  <properties/>
  <testcase name="UtilitiesScaleTest()" classname="com.mygdx.utils.UtilitiesTest" time="0.0"/>
  <testcase name="UtilitiesCheckProximityTest()" classname="com.mygdx.utils.UtilitiesTest" time="0.001"/>
  <testcase name="UtilitiesFloorTest()" classname="com.mygdx.utils.UtilitiesTest" time="0.0"/>
  <testcase name="UtilitiesAngleBetweenTest()" classname="com.mygdx.utils.UtilitiesTest" time="0.0"/>
  <testcase name="UtilitiesDistanceToTilesTest()" classname="com.mygdx.utils.UtilitiesTest" time="0.0"/>
  <testcase name="UtilitiesAngleToVectorTest()" classname="com.mygdx.utils.UtilitiesTest" time="0.001"/>
  <testcase name="UtilitiesRoundTest()" classname="com.mygdx.utils.UtilitiesTest" time="0.0"/>
  <testcase name="UtilitiesRandomPosTest()" classname="com.mygdx.utils.UtilitiesTest" time="0.001"/>
  <testcase name="UtilitiesContainsTest()" classname="com.mygdx.utils.UtilitiesTest" time="0.0"/>
  <testcase name="UtilitiesRandomChoiceTest()" classname="com.mygdx.utils.UtilitiesTest" time="0.0"/>
  <testcase name="UtilitiesTilesToDistanceTest()" classname="com.mygdx.utils.UtilitiesTest" time="0.001"/>
  <system-out><![CDATA[]]></system-out>
  <system-err><![CDATA[]]></system-err>
</testsuite>
