<?xml version="1.0" encoding="UTF-8"?>
<testsuite name="com.mygdx.game.Components.TransformTest" tests="6" skipped="0" failures="0" errors="0" timestamp="2022-04-26T06:58:28" hostname="AJs-MacBook" time="0.005">
  <properties/>
  <testcase name="TransformSetRotateTest()" classname="com.mygdx.game.Components.TransformTest" time="0.001"/>
  <testcase name="TransformSetScaleTest()" classname="com.mygdx.game.Components.TransformTest" time="0.001"/>
  <testcase name="TransformVecToAngleTest()" classname="com.mygdx.game.Components.TransformTest" time="0.001"/>
  <testcase name="TransformSetPosTest()" classname="com.mygdx.game.Components.TransformTest" time="0.0"/>
  <testcase name="TransformAngleToVecTest()" classname="com.mygdx.game.Components.TransformTest" time="0.0"/>
  <testcase name="TransformSetOrientationTest()" classname="com.mygdx.game.Components.TransformTest" time="0.001"/>
  <system-out><![CDATA[]]></system-out>
  <system-err><![CDATA[]]></system-err>
</testsuite>
