<?xml version="1.0" encoding="UTF-8"?>
<testsuite name="com.mygdx.game.AI.NodeTest" tests="1" skipped="0" failures="0" errors="0" timestamp="2022-04-15T15:21:41" hostname="DESKTOP-BJ0OGS9" time="0.0">
  <properties/>
  <testcase name="NodePositionTest()" classname="com.mygdx.game.AI.NodeTest" time="0.0"/>
  <system-out><![CDATA[]]></system-out>
  <system-err><![CDATA[]]></system-err>
</testsuite>
