<?xml version="1.0" encoding="UTF-8"?>
<testsuite name="com.mygdx.game.Quests.LocateQuestTest" tests="8" skipped="0" failures="0" errors="0" timestamp="2022-04-26T06:58:28" hostname="AJs-MacBook" time="0.008">
  <properties/>
  <testcase name="LocateQuestIsCompleteTest()" classname="com.mygdx.game.Quests.LocateQuestTest" time="0.001"/>
  <testcase name="LocateQuestDescTest()" classname="com.mygdx.game.Quests.LocateQuestTest" time="0.0"/>
  <testcase name="LocateQuestXPTest()" classname="com.mygdx.game.Quests.LocateQuestTest" time="0.0"/>
  <testcase name="LocateQuestNameTest()" classname="com.mygdx.game.Quests.LocateQuestTest" time="0.0"/>
  <testcase name="LocateQuestPosTest()" classname="com.mygdx.game.Quests.LocateQuestTest" time="0.001"/>
  <testcase name="LocateQuestAmmoTest()" classname="com.mygdx.game.Quests.LocateQuestTest" time="0.0"/>
  <testcase name="LocateQuestCompletionTest()" classname="com.mygdx.game.Quests.LocateQuestTest" time="0.002"/>
  <testcase name="LocateQuestPlunderTest()" classname="com.mygdx.game.Quests.LocateQuestTest" time="0.0"/>
  <system-out><![CDATA[]]></system-out>
  <system-err><![CDATA[]]></system-err>
</testsuite>
