<?xml version="1.0" encoding="UTF-8"?>
<testsuite name="com.mygdx.utils.TileMapCellsTest" tests="3" skipped="0" failures="0" errors="0" timestamp="2022-04-26T06:58:28" hostname="AJs-MacBook" time="0.001">
  <properties/>
  <testcase name="TileMapCellsObstacleValueTest()" classname="com.mygdx.utils.TileMapCellsTest" time="0.001"/>
  <testcase name="TileMapCellsObstacleCostValueTest()" classname="com.mygdx.utils.TileMapCellsTest" time="0.0"/>
  <testcase name="TileMapCellsPassableValueTest()" classname="com.mygdx.utils.TileMapCellsTest" time="0.0"/>
  <system-out><![CDATA[]]></system-out>
  <system-err><![CDATA[]]></system-err>
</testsuite>
