<?xml version="1.0" encoding="UTF-8"?>
<testsuite name="com.mygdx.game.Quests.KillQuestTest" tests="7" skipped="0" failures="0" errors="0" timestamp="2022-04-20T14:59:00" hostname="DESKTOP-BJ0OGS9" time="0.121">
  <properties/>
  <testcase name="KillQuestAmmoTest()" classname="com.mygdx.game.Quests.KillQuestTest" time="0.11"/>
  <testcase name="KillQuestPlunderTest()" classname="com.mygdx.game.Quests.KillQuestTest" time="0.001"/>
  <testcase name="KillQuestCompletionTest()" classname="com.mygdx.game.Quests.KillQuestTest" time="0.002"/>
  <testcase name="KillQuestIsCompleteTest()" classname="com.mygdx.game.Quests.KillQuestTest" time="0.001"/>
  <testcase name="KillQuestDescTest()" classname="com.mygdx.game.Quests.KillQuestTest" time="0.002"/>
  <testcase name="KillQuestXPTest()" classname="com.mygdx.game.Quests.KillQuestTest" time="0.001"/>
  <testcase name="KillQuestNameTest()" classname="com.mygdx.game.Quests.KillQuestTest" time="0.001"/>
  <system-out><![CDATA[]]></system-out>
  <system-err><![CDATA[]]></system-err>
</testsuite>
